<?xml version="1.0" encoding="UTF-8"?>
<!-- Generated by org.testng.reporters.JUnitReportReporter -->
<testsuite skipped="0" hostname="DESKTOP-AA4AD8I" name="excelApis.TestA" tests="3" failures="0" timestamp="14 Oct 2019 01:38:16 GMT" time="0.044" errors="0">
  <testcase name="testA" time="0.029" classname="excelApis.TestA"/>
  <testcase name="testA" time="0.003" classname="excelApis.TestA"/>
  <testcase name="testA" time="0.012" classname="excelApis.TestA"/>
</testsuite> <!-- excelApis.TestA -->
