<?xml version="1.0" encoding="UTF-8"?>
<!-- Generated by org.testng.reporters.JUnitReportReporter -->
<testsuite skipped="0" hostname="DESKTOP-AA4AD8I" name="com.selenium.SampleMavenProject.LinksTesting1" tests="1" failures="0" timestamp="02 Oct 2019 01:00:58 GMT" time="6.244" errors="0">
  <testcase name="linktesting1" time="6.244" classname="com.selenium.SampleMavenProject.LinksTesting1"/>
</testsuite> <!-- com.selenium.SampleMavenProject.LinksTesting1 -->
