<?xml version="1.0" encoding="UTF-8"?>
<!-- Generated by org.testng.reporters.JUnitReportReporter -->
<testsuite skipped="0" hostname="DESKTOP-AA4AD8I" name="com.selenium.SampleMavenProject.RadioButton1" tests="1" failures="0" timestamp="02 Oct 2019 01:03:31 GMT" time="10.546" errors="0">
  <testcase name="radioButton1" time="10.546" classname="com.selenium.SampleMavenProject.RadioButton1"/>
</testsuite> <!-- com.selenium.SampleMavenProject.RadioButton1 -->
