<?xml version="1.0" encoding="UTF-8"?>
<!-- Generated by org.testng.reporters.JUnitReportReporter -->
<testsuite skipped="0" hostname="DESKTOP-AA4AD8I" name="pageobjectmodel.LoginPage" tests="1" failures="0" timestamp="16 Oct 2019 00:54:40 GMT" time="16.720" errors="0">
  <testcase name="loginTest" time="16.720" classname="pageobjectmodel.LoginPage"/>
</testsuite> <!-- pageobjectmodel.LoginPage -->
