<?xml version="1.0" encoding="UTF-8"?>
<!-- Generated by org.testng.reporters.JUnitReportReporter -->
<testsuite skipped="1" hostname="DESKTOP-AA4AD8I" name="com.selenium.SampleMavenProject.DependencyTest" tests="4" failures="0" timestamp="02 Oct 2019 01:28:34 GMT" time="0.036" errors="0">
  <testcase name="orange" time="0.027" classname="com.selenium.SampleMavenProject.DependencyTest"/>
  <testcase name="white" time="0.002" classname="com.selenium.SampleMavenProject.DependencyTest"/>
  <testcase name="blue" time="0.004" classname="com.selenium.SampleMavenProject.DependencyTest">
    <skipped/>
  </testcase> <!-- blue -->
  <testcase name="green" time="0.003" classname="com.selenium.SampleMavenProject.DependencyTest"/>
</testsuite> <!-- com.selenium.SampleMavenProject.DependencyTest -->
