<?xml version="1.0" encoding="UTF-8"?>
<!-- Generated by org.testng.reporters.JUnitReportReporter -->
<testsuite skipped="0" hostname="DESKTOP-AA4AD8I" name="pageobjectmodel.TC_005" tests="1" failures="0" timestamp="17 Oct 2019 01:28:11 GMT" time="24.818" errors="0">
  <testcase name="loginTest" time="24.818" classname="pageobjectmodel.TC_005"/>
</testsuite> <!-- pageobjectmodel.TC_005 -->
