<?xml version="1.0" encoding="UTF-8"?>
<!-- Generated by org.testng.reporters.JUnitReportReporter -->
<testsuite skipped="0" hostname="DESKTOP-AA4AD8I" name="com.selenium.SampleMavenProject.CheckBox1" tests="1" failures="0" timestamp="02 Oct 2019 01:03:31 GMT" time="8.751" errors="0">
  <testcase name="checkboxTest" time="8.751" classname="com.selenium.SampleMavenProject.CheckBox1"/>
</testsuite> <!-- com.selenium.SampleMavenProject.CheckBox1 -->
